c:\users\chenjiyang\desktop\practice\practice\debug\vc140.pdb
c:\users\chenjiyang\desktop\practice\practice\debug\vc140.idb
c:\users\chenjiyang\desktop\practice\practice\debug\dfs.obj
c:\users\chenjiyang\desktop\practice\practice\debug\二分法平方根.obj
c:\users\chenjiyang\desktop\practice\practice\debug\二分法排列硬币.obj
c:\users\chenjiyang\desktop\practice\practice\debug\二分法有序数组单一元素.obj
c:\users\chenjiyang\desktop\practice\practice\debug\双指针两数之和.obj
c:\users\chenjiyang\desktop\practice\practice\debug\双指针两数平方和.obj
c:\users\chenjiyang\desktop\practice\practice\debug\双指针反转字符串元音.obj
c:\users\chenjiyang\desktop\practice\practice\debug\双指针验证回文字符串.obj
c:\users\chenjiyang\desktop\practice\practice\debug\链表两数之和.obj
c:\users\chenjiyang\desktop\practice\practice\debug\二分法两有序数组中位数.obj
c:\users\chenjiyang\desktop\practice\practice\debug\冰激凌.obj
c:\users\chenjiyang\desktop\practice\practice\debug\main.obj
c:\users\chenjiyang\desktop\practice\practice\debug\滑块求和.obj
c:\users\chenjiyang\desktop\practice\debug\practice.exe
c:\users\chenjiyang\desktop\practice\practice\debug\practice.tlog\cl.command.1.tlog
c:\users\chenjiyang\desktop\practice\practice\debug\practice.tlog\cl.read.1.tlog
c:\users\chenjiyang\desktop\practice\practice\debug\practice.tlog\cl.write.1.tlog
c:\users\chenjiyang\desktop\practice\practice\debug\practice.tlog\link.command.1.tlog
c:\users\chenjiyang\desktop\practice\practice\debug\practice.tlog\link.read.1.tlog
c:\users\chenjiyang\desktop\practice\practice\debug\practice.tlog\link.write.1.tlog
