  滑块求和.cpp
  main.cpp
c:\workspace\lc_practice\practice\main.cpp(15): warning C4129: “{”: 不可识别的字符转义序列
  冰激凌.cpp
  二分法两有序数组中位数.cpp
  链表两数之和.cpp
  数据结构队列实现栈.cpp
  数据结构链表相交.cpp
  数据结构链表回文.cpp
  数据结构链表合并两个有序链表.cpp
  数据结构链表反转.cpp
  数据结构链表删除重复元素.cpp
  数据结构栈实现队列.cpp
  数据结构栈判断有效的括号.cpp
c:\workspace\lc_practice\practice\数据结构栈判断有效的括号.cpp(12): warning C4018: “<”: 有符号/无符号不匹配
  数据结构栈下个更大元素(环).cpp
c:\workspace\lc_practice\practice\数据结构栈下个更大元素(环).cpp(10): warning C4018: “<”: 有符号/无符号不匹配
  数据结构栈下个大元素距离(每日温度).cpp
c:\workspace\lc_practice\practice\数据结构栈下个大元素距离(每日温度).cpp(10): warning C4018: “<”: 有符号/无符号不匹配
  数据结构栈下一个更大元素.cpp
c:\workspace\lc_practice\practice\数据结构栈下一个更大元素.cpp(13): warning C4018: “<”: 有符号/无符号不匹配
c:\workspace\lc_practice\practice\数据结构栈下一个更大元素.cpp(25): warning C4018: “<”: 有符号/无符号不匹配
  数据结构表最长和谐子序列.cpp
c:\workspace\lc_practice\practice\数据结构表最长和谐子序列.cpp(9): warning C4018: “<”: 有符号/无符号不匹配
  数据结构树路径总和2.cpp
  数据结构树路径总和.cpp
  数据结构树最大深度.cpp
  正在生成代码...
  正在编译...
  数据结构树合并二叉树.cpp
  数据结构树反转.cpp
  数据结构栈最小值栈.cpp
  排序前K高频元素优先队列.cpp
c:\workspace\lc_practice\practice\排序前k高频元素优先队列.cpp(17): warning C4018: “<”: 有符号/无符号不匹配
  排序两个元素的交集.cpp
  字符串有效的字母异位词.cpp
c:\workspace\lc_practice\practice\字符串有效的字母异位词.cpp(11): warning C4018: “<”: 有符号/无符号不匹配
c:\workspace\lc_practice\practice\字符串有效的字母异位词.cpp(13): warning C4018: “<”: 有符号/无符号不匹配
  字符串同构.cpp
c:\workspace\lc_practice\practice\字符串同构.cpp(11): warning C4018: “<”: 有符号/无符号不匹配
c:\workspace\lc_practice\practice\字符串同构.cpp(13): warning C4018: “<”: 有符号/无符号不匹配
c:\workspace\lc_practice\practice\字符串同构.cpp(15): warning C4018: “<”: 有符号/无符号不匹配
  双指针验证回文字符串.cpp
  双指针环形链表判断.cpp
  双指针合并有序数组.cpp
  双指针反转字符串元音.cpp
  双指针删除字符并匹配词典.cpp
c:\workspace\lc_practice\practice\双指针删除字符并匹配词典.cpp(13): warning C4018: “<”: 有符号/无符号不匹配
c:\workspace\lc_practice\practice\双指针删除字符并匹配词典.cpp(14): warning C4018: “<”: 有符号/无符号不匹配
  双指针两数平方和.cpp
c:\workspace\lc_practice\practice\双指针两数平方和.cpp(6): warning C4244: “初始化”: 从“double”转换到“int”，可能丢失数据
  双指针两数之和.cpp
  二分法有序数组单一元素.cpp
  二分法排列硬币.cpp
  二分法平方根.cpp
  DFS.cpp
  正在生成代码...
  Practice.vcxproj -> C:\Workspace\LC_Practice\Debug\Practice.exe
  Practice.vcxproj -> C:\Workspace\LC_Practice\Debug\Practice.pdb (Full PDB)
